<?xml version="1.0" encoding="UTF-8"?>
<testsuite xmlns:xsi="http://www.w3.org/2001/XMLSchema-instance" xsi:noNamespaceSchemaLocation="https://maven.apache.org/surefire/maven-surefire-plugin/xsd/surefire-test-report.xsd" name="package1.MyUtilTest" time="0.004" tests="3" errors="0" skipped="0" failures="0">
  <properties>
[...]
</properties>
  <testcase name="test2" classname="package1.MyUtilTest" time="0.001"/>
  <testcase name="test4" classname="package1.MyUtilTest" time="0.001"/>
  <testcase name="test3" classname="package1.MyUtilTest" time="0.001"/>
</testsuite>